<?xml version="1.0" encoding="UTF-8"?>
<testsuite xmlns:xsi="http://www.w3.org/2001/XMLSchema-instance" xsi:noNamespaceSchemaLocation="https://maven.apache.org/surefire/maven-surefire-plugin/xsd/surefire-test-report.xsd" name="TestSuite" time="82.757" tests="40" errors="0" skipped="0" failures="0">
  <properties>
    <property name="surefire.printSummary" value="true"/>
    <property name="java.specification.version" value="21"/>
    <property name="sun.cpu.isalist" value="amd64"/>
    <property name="sun.jnu.encoding" value="Cp1252"/>
    <property name="java.class.path" value="D:\QA\finalprojectapiautomotion\target\test-classes;D:\QA\finalprojectapiautomotion\target\classes;C:\Users\nadaa\.m2\repository\io\rest-assured\rest-assured\5.5.6\rest-assured-5.5.6.jar;C:\Users\nadaa\.m2\repository\org\apache\groovy\groovy\4.0.22\groovy-4.0.22.jar;C:\Users\nadaa\.m2\repository\org\apache\groovy\groovy-xml\4.0.22\groovy-xml-4.0.22.jar;C:\Users\nadaa\.m2\repository\org\apache\httpcomponents\httpclient\4.5.13\httpclient-4.5.13.jar;C:\Users\nadaa\.m2\repository\org\apache\httpcomponents\httpcore\4.4.13\httpcore-4.4.13.jar;C:\Users\nadaa\.m2\repository\commons-logging\commons-logging\1.2\commons-logging-1.2.jar;C:\Users\nadaa\.m2\repository\commons-codec\commons-codec\1.11\commons-codec-1.11.jar;C:\Users\nadaa\.m2\repository\org\apache\httpcomponents\httpmime\4.5.13\httpmime-4.5.13.jar;C:\Users\nadaa\.m2\repository\org\hamcrest\hamcrest\2.2\hamcrest-2.2.jar;C:\Users\nadaa\.m2\repository\org\ccil\cowan\tagsoup\tagsoup\1.2.1\tagsoup-1.2.1.jar;C:\Users\nadaa\.m2\repository\io\rest-assured\json-path\5.5.6\json-path-5.5.6.jar;C:\Users\nadaa\.m2\repository\org\apache\groovy\groovy-json\4.0.22\groovy-json-4.0.22.jar;C:\Users\nadaa\.m2\repository\io\rest-assured\rest-assured-common\5.5.6\rest-assured-common-5.5.6.jar;C:\Users\nadaa\.m2\repository\io\rest-assured\xml-path\5.5.6\xml-path-5.5.6.jar;C:\Users\nadaa\.m2\repository\org\apache\commons\commons-lang3\3.18.0\commons-lang3-3.18.0.jar;C:\Users\nadaa\.m2\repository\org\testng\testng\7.11.0\testng-7.11.0.jar;C:\Users\nadaa\.m2\repository\org\slf4j\slf4j-api\2.0.16\slf4j-api-2.0.16.jar;C:\Users\nadaa\.m2\repository\org\jcommander\jcommander\1.83\jcommander-1.83.jar;C:\Users\nadaa\.m2\repository\org\webjars\jquery\3.7.1\jquery-3.7.1.jar;C:\Users\nadaa\.m2\repository\io\github\cdimascio\dotenv-java\3.2.0\dotenv-java-3.2.0.jar;C:\Users\nadaa\.m2\repository\com\fasterxml\jackson\core\jackson-databind\2.20.0\jackson-databind-2.20.0.jar;C:\Users\nadaa\.m2\repository\com\fasterxml\jackson\core\jackson-annotations\2.20\jackson-annotations-2.20.jar;C:\Users\nadaa\.m2\repository\com\fasterxml\jackson\core\jackson-core\2.20.0\jackson-core-2.20.0.jar;"/>
    <property name="java.vm.vendor" value="Oracle Corporation"/>
    <property name="sun.arch.data.model" value="64"/>
    <property name="user.variant" value=""/>
    <property name="java.vendor.url" value="https://java.oracle.com/"/>
    <property name="user.timezone" value="Asia/Jakarta"/>
    <property name="os.name" value="Windows 11"/>
    <property name="java.vm.specification.version" value="21"/>
    <property name="sun.java.launcher" value="SUN_STANDARD"/>
    <property name="user.country" value="ID"/>
    <property name="sun.boot.library.path" value="C:\Program Files\Java\jdk-21\bin"/>
    <property name="sun.java.command" value="C:\Users\nadaa\AppData\Local\Temp\surefire12858237252369824719\surefirebooter9733634891164033926.jar C:\Users\nadaa\AppData\Local\Temp\surefire12858237252369824719 2025-10-08T16-16-58_555-jvmRun1 surefire14817879232252687617tmp surefire_011430693974155663615tmp"/>
    <property name="jdk.debug" value="release"/>
    <property name="surefire.test.class.path" value="D:\QA\finalprojectapiautomotion\target\test-classes;D:\QA\finalprojectapiautomotion\target\classes;C:\Users\nadaa\.m2\repository\io\rest-assured\rest-assured\5.5.6\rest-assured-5.5.6.jar;C:\Users\nadaa\.m2\repository\org\apache\groovy\groovy\4.0.22\groovy-4.0.22.jar;C:\Users\nadaa\.m2\repository\org\apache\groovy\groovy-xml\4.0.22\groovy-xml-4.0.22.jar;C:\Users\nadaa\.m2\repository\org\apache\httpcomponents\httpclient\4.5.13\httpclient-4.5.13.jar;C:\Users\nadaa\.m2\repository\org\apache\httpcomponents\httpcore\4.4.13\httpcore-4.4.13.jar;C:\Users\nadaa\.m2\repository\commons-logging\commons-logging\1.2\commons-logging-1.2.jar;C:\Users\nadaa\.m2\repository\commons-codec\commons-codec\1.11\commons-codec-1.11.jar;C:\Users\nadaa\.m2\repository\org\apache\httpcomponents\httpmime\4.5.13\httpmime-4.5.13.jar;C:\Users\nadaa\.m2\repository\org\hamcrest\hamcrest\2.2\hamcrest-2.2.jar;C:\Users\nadaa\.m2\repository\org\ccil\cowan\tagsoup\tagsoup\1.2.1\tagsoup-1.2.1.jar;C:\Users\nadaa\.m2\repository\io\rest-assured\json-path\5.5.6\json-path-5.5.6.jar;C:\Users\nadaa\.m2\repository\org\apache\groovy\groovy-json\4.0.22\groovy-json-4.0.22.jar;C:\Users\nadaa\.m2\repository\io\rest-assured\rest-assured-common\5.5.6\rest-assured-common-5.5.6.jar;C:\Users\nadaa\.m2\repository\io\rest-assured\xml-path\5.5.6\xml-path-5.5.6.jar;C:\Users\nadaa\.m2\repository\org\apache\commons\commons-lang3\3.18.0\commons-lang3-3.18.0.jar;C:\Users\nadaa\.m2\repository\org\testng\testng\7.11.0\testng-7.11.0.jar;C:\Users\nadaa\.m2\repository\org\slf4j\slf4j-api\2.0.16\slf4j-api-2.0.16.jar;C:\Users\nadaa\.m2\repository\org\jcommander\jcommander\1.83\jcommander-1.83.jar;C:\Users\nadaa\.m2\repository\org\webjars\jquery\3.7.1\jquery-3.7.1.jar;C:\Users\nadaa\.m2\repository\io\github\cdimascio\dotenv-java\3.2.0\dotenv-java-3.2.0.jar;C:\Users\nadaa\.m2\repository\com\fasterxml\jackson\core\jackson-databind\2.20.0\jackson-databind-2.20.0.jar;C:\Users\nadaa\.m2\repository\com\fasterxml\jackson\core\jackson-annotations\2.20\jackson-annotations-2.20.jar;C:\Users\nadaa\.m2\repository\com\fasterxml\jackson\core\jackson-core\2.20.0\jackson-core-2.20.0.jar;"/>
    <property name="sun.cpu.endian" value="little"/>
    <property name="user.home" value="C:\Users\nadaa"/>
    <property name="user.language" value="en"/>
    <property name="java.specification.vendor" value="Oracle Corporation"/>
    <property name="java.version.date" value="2025-04-15"/>
    <property name="java.home" value="C:\Program Files\Java\jdk-21"/>
    <property name="file.separator" value="\"/>
    <property name="basedir" value="D:\QA\finalprojectapiautomotion"/>
    <property name="java.vm.compressedOopsMode" value="Zero based"/>
    <property name="line.separator" value="&#10;"/>
    <property name="java.vm.specification.vendor" value="Oracle Corporation"/>
    <property name="java.specification.name" value="Java Platform API Specification"/>
    <property name="surefire.real.class.path" value="C:\Users\nadaa\AppData\Local\Temp\surefire12858237252369824719\surefirebooter9733634891164033926.jar"/>
    <property name="user.script" value=""/>
    <property name="sun.management.compiler" value="HotSpot 64-Bit Tiered Compilers"/>
    <property name="java.runtime.version" value="21.0.7+8-LTS-245"/>
    <property name="user.name" value="nadaa"/>
    <property name="stdout.encoding" value="Cp1252"/>
    <property name="path.separator" value=";"/>
    <property name="os.version" value="10.0"/>
    <property name="java.runtime.name" value="Java(TM) SE Runtime Environment"/>
    <property name="file.encoding" value="UTF-8"/>
    <property name="java.vm.name" value="Java HotSpot(TM) 64-Bit Server VM"/>
    <property name="localRepository" value="C:\Users\nadaa\.m2\repository"/>
    <property name="java.vendor.url.bug" value="https://bugreport.java.com/bugreport/"/>
    <property name="java.io.tmpdir" value="C:\Users\nadaa\AppData\Local\Temp\"/>
    <property name="java.version" value="21.0.7"/>
    <property name="user.dir" value="D:\QA\finalprojectapiautomotion"/>
    <property name="os.arch" value="amd64"/>
    <property name="java.vm.specification.name" value="Java Virtual Machine Specification"/>
    <property name="sun.os.patch.level" value=""/>
    <property name="native.encoding" value="Cp1252"/>
    <property name="java.library.path" value="C:\Program Files\Java\jdk-21\bin;C:\WINDOWS\Sun\Java\bin;C:\WINDOWS\system32;C:\WINDOWS;C:\Program Files\Common Files\Oracle\Java\javapath;C:\WINDOWS\system32;C:\WINDOWS;C:\WINDOWS\System32\Wbem;C:\WINDOWS\System32\WindowsPowerShell\v1.0\;C:\WINDOWS\System32\OpenSSH\;C:\Program Files\Java\jdk-21\bin;C:\Program Files\apache-maven-3.9.11\bin;C:\Program Files\Git\cmd;C:\Users\nadaa\AppData\Local\Programs\Python\Python313\Scripts\;C:\Users\nadaa\AppData\Local\Programs\Python\Python313\;C:\Users\nadaa\AppData\Local\Microsoft\WindowsApps;C:\Users\nadaa\AppData\Local\Programs\Microsoft VS Code\bin;."/>
    <property name="java.vm.info" value="mixed mode, sharing"/>
    <property name="stderr.encoding" value="Cp1252"/>
    <property name="java.vendor" value="Oracle Corporation"/>
    <property name="java.vm.version" value="21.0.7+8-LTS-245"/>
    <property name="sun.io.unicode.encoding" value="UnicodeLittle"/>
    <property name="java.class.version" value="65.0"/>
  </properties>
  <testcase name="create_booking_data_valid" classname="scanario.createbooking.PositiveCaseCreateBooking" time="2.014"/>
  <testcase name="create_booking_change_depositpaid" classname="scanario.createbooking.PositiveCaseCreateBooking" time="1.547"/>
  <testcase name="create_booking_additionalneed" classname="scanario.createbooking.PositiveCaseCreateBooking" time="1.752"/>
  <testcase name="create_booking_firstname_null" classname="scanario.createbooking.NegativeCaseCreateBook" time="1.607"/>
  <testcase name="create_booking_checkinout" classname="scanario.createbooking.NegativeCaseCreateBook" time="1.549"/>
  <testcase name="create_booking_depositpadi_invalid" classname="scanario.createbooking.NegativeCaseCreateBook" time="1.541"/>
  <testcase name="delete_booking" classname="scanario.deletebooking.PositiveCaseDeleteBooking" time="1.628"/>
  <testcase name="delete_booking_header_Valid" classname="scanario.deletebooking.PositiveCaseDeleteBooking" time="1.531"/>
  <testcase name="delete_booking_token_Valid" classname="scanario.deletebooking.PositiveCaseDeleteBooking" time="1.523"/>
  <testcase name="create_booking" classname="scanario.deletebooking.NegativeCaseDeleteBooking" time="1.576"/>
  <testcase name="delete_booking_header_null" classname="scanario.deletebooking.NegativeCaseDeleteBooking" time="1.433"/>
  <testcase name="delete_booking_invalid_id" classname="scanario.deletebooking.NegativeCaseDeleteBooking" time="1.681"/>
  <testcase name="get_booking__header_lowestId" classname="scanario.getbooking.PositiveCaseGetBooking" time="1.773"/>
  <testcase name="get_booking__header_valid" classname="scanario.getbooking.PositiveCaseGetBooking" time="1.505"/>
  <testcase name="get_booking_valid" classname="scanario.getbooking.PositiveCaseGetBooking" time="1.634"/>
  <testcase name="get_booking__header_valid" classname="scanario.getbooking.NegativeCaseGetBooking" time="1.547"/>
  <testcase name="get_booking_id_invalid" classname="scanario.getbooking.NegativeCaseGetBooking" time="1.625"/>
  <testcase name="get_booking_valid" classname="scanario.getbooking.NegativeCaseGetBooking" time="1.536"/>
  <testcase name="get_booking_ids" classname="scanario.getbookingids.PositiveCaseGetBookingIds" time="2.339"/>
  <testcase name="get_booking_ids_firsname" classname="scanario.getbookingids.PositiveCaseGetBookingIds" time="1.773"/>
  <testcase name="get_booking_ids_lastname" classname="scanario.getbookingids.PositiveCaseGetBookingIds" time="1.526"/>
  <testcase name="get_booking_ids_parameter_unknow" classname="scanario.getbookingids.NegativeCaseGetBookingIds" time="1.366"/>
  <testcase name="get_booking_ids_wrong_format" classname="scanario.getbookingids.NegativeCaseGetBookingIds" time="1.339"/>
  <testcase name="get_booking_ids_wrong_method" classname="scanario.getbookingids.NegativeCaseGetBookingIds" time="1.322"/>
  <testcase name="integration_test1" classname="scanario.integration.PositiveCaseIntegrationCase1" time="5.285"/>
  <testcase name="integration_test2" classname="scanario.integration.PositiveCaseIntegrationCase1" time="4.194"/>
  <testcase name="create_booking" classname="scanario.partialupdatebooking.PositiveCasePartialUpdateBooking" time="1.534"/>
  <testcase name="partial_update_booking_firstlastname" classname="scanario.partialupdatebooking.PositiveCasePartialUpdateBooking" time="1.529"/>
  <testcase name="partial_update_booking_price_deposite" classname="scanario.partialupdatebooking.PositiveCasePartialUpdateBooking" time="2.148"/>
  <testcase name="partial_update_booking_price" classname="scanario.partialupdatebooking.PositiveCasePartialUpdateBooking" time="1.74"/>
  <testcase name="create_booking" classname="scanario.partialupdatebooking.NegativeCasePartialUpdateBooking" time="1.632"/>
  <testcase name="partial_update_booking_invalid_id" classname="scanario.partialupdatebooking.NegativeCasePartialUpdateBooking" time="1.535"/>
  <testcase name="partial_update_invalid_field" classname="scanario.partialupdatebooking.NegativeCasePartialUpdateBooking" time="1.492"/>
  <testcase name="create_booking" classname="scanario.updatebooking.PositiveCaseUpdateBooking" time="1.781"/>
  <testcase name="update_booking_valid" classname="scanario.updatebooking.PositiveCaseUpdateBooking" time="1.739"/>
  <testcase name="update_booking_firstlastname" classname="scanario.updatebooking.PositiveCaseUpdateBooking" time="1.637"/>
  <testcase name="update_booking_checkinout" classname="scanario.updatebooking.PositiveCaseUpdateBooking" time="2.141"/>
  <testcase name="create_booking" classname="scanario.updatebooking.NegativeCaseUpdateBooking" time="1.539"/>
  <testcase name="update_booking_firstname_null" classname="scanario.updatebooking.NegativeCaseUpdateBooking" time="2.144"/>
  <testcase name="update_booking_invalid_id" classname="scanario.updatebooking.NegativeCaseUpdateBooking" time="1.641"/>
</testsuite>