<?xml version="1.0" encoding="UTF-8"?>
<!-- Generated by org.testng.reporters.JUnitReportReporter -->
<testsuite hostname="Nada" failures="0" tests="3" name="scanario.updatebooking.NegativeCaseUpdateBooking" time="5.326" errors="0" timestamp="2025-10-08T16:18:22 WIB" skipped="0">
  <testcase classname="scanario.updatebooking.NegativeCaseUpdateBooking" name="create_booking" time="1.541"/>
  <testcase classname="scanario.updatebooking.NegativeCaseUpdateBooking" name="update_booking_invalid_id" time="1.641"/>
  <testcase classname="scanario.updatebooking.NegativeCaseUpdateBooking" name="update_booking_firstname_null" time="2.144"/>
</testsuite> <!-- scanario.updatebooking.NegativeCaseUpdateBooking -->
