<?xml version="1.0" encoding="UTF-8"?>
<!-- Generated by org.testng.reporters.JUnitReportReporter -->
<testsuite hostname="Nada" failures="0" tests="3" name="scanario.deletebooking.NegativeCaseDeleteBooking" time="4.697" errors="0" timestamp="2025-10-08T16:18:22 WIB" skipped="0">
  <testcase classname="scanario.deletebooking.NegativeCaseDeleteBooking" name="delete_booking_header_null" time="1.432"/>
  <testcase classname="scanario.deletebooking.NegativeCaseDeleteBooking" name="create_booking" time="1.584"/>
  <testcase classname="scanario.deletebooking.NegativeCaseDeleteBooking" name="delete_booking_invalid_id" time="1.681"/>
</testsuite> <!-- scanario.deletebooking.NegativeCaseDeleteBooking -->
