<?xml version="1.0" encoding="UTF-8"?>
<!-- Generated by org.testng.reporters.JUnitReportReporter -->
<testsuite hostname="Nada" failures="0" tests="3" name="scanario.getbooking.PositiveCaseGetBooking" time="4.910" errors="0" timestamp="2025-10-08T16:18:22 WIB" skipped="0">
  <testcase classname="scanario.getbooking.PositiveCaseGetBooking" name="get_booking_valid" time="1.634"/>
  <testcase classname="scanario.getbooking.PositiveCaseGetBooking" name="get_booking__header_lowestId" time="1.772"/>
  <testcase classname="scanario.getbooking.PositiveCaseGetBooking" name="get_booking__header_valid" time="1.504"/>
</testsuite> <!-- scanario.getbooking.PositiveCaseGetBooking -->
