<?xml version="1.0" encoding="UTF-8"?>
<!-- Generated by org.testng.reporters.JUnitReportReporter -->
<testsuite hostname="Nada" failures="0" tests="4" name="scanario.updatebooking.PositiveCaseUpdateBooking" time="7.302" errors="0" timestamp="2025-10-08T16:18:22 WIB" skipped="0">
  <testcase classname="scanario.updatebooking.PositiveCaseUpdateBooking" name="update_booking_valid" time="1.740"/>
  <testcase classname="scanario.updatebooking.PositiveCaseUpdateBooking" name="create_booking" time="1.782"/>
  <testcase classname="scanario.updatebooking.PositiveCaseUpdateBooking" name="update_booking_firstlastname" time="1.636"/>
  <testcase classname="scanario.updatebooking.PositiveCaseUpdateBooking" name="update_booking_checkinout" time="2.144"/>
</testsuite> <!-- scanario.updatebooking.PositiveCaseUpdateBooking -->
