<?xml version="1.0" encoding="UTF-8"?>
<!-- Generated by org.testng.reporters.JUnitReportReporter -->
<testsuite hostname="Nada" failures="0" tests="3" name="scanario.partialupdatebooking.NegativeCasePartialUpdateBooking" time="4.661" errors="0" timestamp="2025-10-08T16:18:22 WIB" skipped="0">
  <testcase classname="scanario.partialupdatebooking.NegativeCasePartialUpdateBooking" name="create_booking" time="1.635"/>
  <testcase classname="scanario.partialupdatebooking.NegativeCasePartialUpdateBooking" name="partial_update_booking_invalid_id" time="1.535"/>
  <testcase classname="scanario.partialupdatebooking.NegativeCasePartialUpdateBooking" name="partial_update_invalid_field" time="1.491"/>
</testsuite> <!-- scanario.partialupdatebooking.NegativeCasePartialUpdateBooking -->
