<?xml version="1.0" encoding="UTF-8"?>
<!-- Generated by org.testng.reporters.JUnitReportReporter -->
<testsuite hostname="Nada" failures="0" tests="3" name="scanario.getbooking.NegativeCaseGetBooking" time="4.708" errors="0" timestamp="2025-10-08T16:18:22 WIB" skipped="0">
  <testcase classname="scanario.getbooking.NegativeCaseGetBooking" name="get_booking_valid" time="1.537"/>
  <testcase classname="scanario.getbooking.NegativeCaseGetBooking" name="get_booking__header_valid" time="1.546"/>
  <testcase classname="scanario.getbooking.NegativeCaseGetBooking" name="get_booking_id_invalid" time="1.625"/>
</testsuite> <!-- scanario.getbooking.NegativeCaseGetBooking -->
