<?xml version="1.0" encoding="UTF-8"?>
<!-- Generated by org.testng.reporters.JUnitReportReporter -->
<testsuite hostname="Nada" failures="0" tests="2" name="scanario.integration.PositiveCaseIntegrationCase1" time="9.481" errors="0" timestamp="2025-10-08T16:18:22 WIB" skipped="0">
  <testcase classname="scanario.integration.PositiveCaseIntegrationCase1" name="integration_test2" time="4.194"/>
  <testcase classname="scanario.integration.PositiveCaseIntegrationCase1" name="integration_test1" time="5.287"/>
</testsuite> <!-- scanario.integration.PositiveCaseIntegrationCase1 -->
