<?xml version="1.0" encoding="UTF-8"?>
<!-- Generated by org.testng.reporters.JUnitReportReporter -->
<testsuite hostname="Nada" failures="0" tests="3" name="scanario.deletebooking.PositiveCaseDeleteBooking" time="9.393" errors="0" timestamp="2025-10-08T16:18:22 WIB" skipped="0">
  <testcase classname="scanario.deletebooking.PositiveCaseDeleteBooking" name="delete_booking_token_Valid" time="3.062"/>
  <testcase classname="scanario.deletebooking.PositiveCaseDeleteBooking" name="delete_booking_header_Valid" time="3.078"/>
  <testcase classname="scanario.deletebooking.PositiveCaseDeleteBooking" name="delete_booking" time="3.253"/>
</testsuite> <!-- scanario.deletebooking.PositiveCaseDeleteBooking -->
