<?xml version="1.0" encoding="UTF-8"?>
<!-- Generated by org.testng.reporters.JUnitReportReporter -->
<testsuite hostname="Nada" failures="0" tests="3" name="scanario.createbooking.NegativeCaseCreateBook" time="4.695" errors="0" timestamp="2025-10-08T16:18:22 WIB" skipped="0">
  <testcase classname="scanario.createbooking.NegativeCaseCreateBook" name="create_booking_firstname_null" time="1.610"/>
  <testcase classname="scanario.createbooking.NegativeCaseCreateBook" name="create_booking_checkinout" time="1.553"/>
  <testcase classname="scanario.createbooking.NegativeCaseCreateBook" name="create_booking_depositpadi_invalid" time="1.532"/>
</testsuite> <!-- scanario.createbooking.NegativeCaseCreateBook -->
