<?xml version="1.0" encoding="UTF-8"?>
<!-- Generated by org.testng.reporters.JUnitReportReporter -->
<testsuite hostname="Nada" failures="0" tests="4" name="scanario.partialupdatebooking.PositiveCasePartialUpdateBooking" time="6.952" errors="0" timestamp="2025-10-08T16:18:22 WIB" skipped="0">
  <testcase classname="scanario.partialupdatebooking.PositiveCasePartialUpdateBooking" name="create_booking" time="1.535"/>
  <testcase classname="scanario.partialupdatebooking.PositiveCasePartialUpdateBooking" name="partial_update_booking_firstlastname" time="1.529"/>
  <testcase classname="scanario.partialupdatebooking.PositiveCasePartialUpdateBooking" name="partial_update_booking_price_deposite" time="2.149"/>
  <testcase classname="scanario.partialupdatebooking.PositiveCasePartialUpdateBooking" name="partial_update_booking_price" time="1.739"/>
</testsuite> <!-- scanario.partialupdatebooking.PositiveCasePartialUpdateBooking -->
