<?xml version="1.0" encoding="UTF-8"?>
<!-- Generated by org.testng.reporters.JUnitReportReporter -->
<testsuite hostname="Nada" failures="0" tests="3" name="scanario.createbooking.PositiveCaseCreateBooking" time="5.315" errors="0" timestamp="2025-10-08T16:18:22 WIB" skipped="0">
  <testcase classname="scanario.createbooking.PositiveCaseCreateBooking" name="create_booking_data_valid" time="2.011"/>
  <testcase classname="scanario.createbooking.PositiveCaseCreateBooking" name="create_booking_change_depositpaid" time="1.553"/>
  <testcase classname="scanario.createbooking.PositiveCaseCreateBooking" name="create_booking_additionalneed" time="1.751"/>
</testsuite> <!-- scanario.createbooking.PositiveCaseCreateBooking -->
