<?xml version="1.0" encoding="UTF-8"?>
<!-- Generated by org.testng.reporters.JUnitReportReporter -->
<testsuite hostname="Nada" failures="0" tests="3" name="scanario.getbookingids.PositiveCaseGetBookingIds" time="5.630" errors="0" timestamp="2025-10-08T16:18:22 WIB" skipped="0">
  <testcase classname="scanario.getbookingids.PositiveCaseGetBookingIds" name="get_booking_ids_lastname" time="1.533"/>
  <testcase classname="scanario.getbookingids.PositiveCaseGetBookingIds" name="get_booking_ids" time="2.324"/>
  <testcase classname="scanario.getbookingids.PositiveCaseGetBookingIds" name="get_booking_ids_firsname" time="1.773"/>
</testsuite> <!-- scanario.getbookingids.PositiveCaseGetBookingIds -->
