<?xml version="1.0" encoding="UTF-8"?>
<!-- Generated by org.testng.reporters.JUnitReportReporter -->
<testsuite hostname="Nada" failures="0" tests="3" name="scanario.getbookingids.NegativeCaseGetBookingIds" time="4.025" errors="0" timestamp="2025-10-08T16:18:22 WIB" skipped="0">
  <testcase classname="scanario.getbookingids.NegativeCaseGetBookingIds" name="get_booking_ids_wrong_format" time="1.340"/>
  <testcase classname="scanario.getbookingids.NegativeCaseGetBookingIds" name="get_booking_ids_parameter_unknow" time="1.367"/>
  <testcase classname="scanario.getbookingids.NegativeCaseGetBookingIds" name="get_booking_ids_wrong_method" time="1.318"/>
</testsuite> <!-- scanario.getbookingids.NegativeCaseGetBookingIds -->
